<?xml version="1.0" encoding="UTF-8"?>
<testsuite xmlns:xsi="http://www.w3.org/2001/XMLSchema-instance" xsi:noNamespaceSchemaLocation="https://maven.apache.org/surefire/maven-surefire-plugin/xsd/surefire-test-report.xsd" name="TestSuite" time="93.895" tests="1" errors="0" skipped="0" failures="1">
  <properties>
    <property name="sun.desktop" value="windows"/>
    <property name="awt.toolkit" value="sun.awt.windows.WToolkit"/>
    <property name="file.encoding.pkg" value="sun.io"/>
    <property name="java.specification.version" value="1.8"/>
    <property name="sun.cpu.isalist" value=""/>
    <property name="sun.jnu.encoding" value="Cp1252"/>
    <property name="java.class.path" value="C:\Users\admin\eclipse-workspace\mavenbackup\Advancedautomation\target\test-classes;C:\Users\admin\eclipse-workspace\mavenbackup\Advancedautomation\target\classes;C:\Users\admin\.m2\repository\org\seleniumhq\selenium\selenium-java\4.0.0-alpha-7\selenium-java-4.0.0-alpha-7.jar;C:\Users\admin\.m2\repository\org\seleniumhq\selenium\selenium-api\4.0.0-alpha-7\selenium-api-4.0.0-alpha-7.jar;C:\Users\admin\.m2\repository\org\seleniumhq\selenium\selenium-chrome-driver\4.0.0-alpha-7\selenium-chrome-driver-4.0.0-alpha-7.jar;C:\Users\admin\.m2\repository\com\google\auto\service\auto-service-annotations\1.0-rc7\auto-service-annotations-1.0-rc7.jar;C:\Users\admin\.m2\repository\com\google\auto\service\auto-service\1.0-rc7\auto-service-1.0-rc7.jar;C:\Users\admin\.m2\repository\com\google\auto\auto-common\0.10\auto-common-0.10.jar;C:\Users\admin\.m2\repository\com\google\guava\guava\30.0-jre\guava-30.0-jre.jar;C:\Users\admin\.m2\repository\com\google\guava\failureaccess\1.0.1\failureaccess-1.0.1.jar;C:\Users\admin\.m2\repository\com\google\guava\listenablefuture\9999.0-empty-to-avoid-conflict-with-guava\listenablefuture-9999.0-empty-to-avoid-conflict-with-guava.jar;C:\Users\admin\.m2\repository\com\google\code\findbugs\jsr305\3.0.2\jsr305-3.0.2.jar;C:\Users\admin\.m2\repository\org\checkerframework\checker-qual\3.5.0\checker-qual-3.5.0.jar;C:\Users\admin\.m2\repository\com\google\errorprone\error_prone_annotations\2.3.4\error_prone_annotations-2.3.4.jar;C:\Users\admin\.m2\repository\com\google\j2objc\j2objc-annotations\1.3\j2objc-annotations-1.3.jar;C:\Users\admin\.m2\repository\org\seleniumhq\selenium\selenium-chromium-driver\4.0.0-alpha-7\selenium-chromium-driver-4.0.0-alpha-7.jar;C:\Users\admin\.m2\repository\org\seleniumhq\selenium\selenium-devtools\4.0.0-alpha-7\selenium-devtools-4.0.0-alpha-7.jar;C:\Users\admin\.m2\repository\org\seleniumhq\selenium\selenium-http\4.0.0-alpha-7\selenium-http-4.0.0-alpha-7.jar;C:\Users\admin\.m2\repository\org\seleniumhq\selenium\selenium-json\4.0.0-alpha-7\selenium-json-4.0.0-alpha-7.jar;C:\Users\admin\.m2\repository\org\seleniumhq\selenium\selenium-devtools-v84\4.0.0-alpha-7\selenium-devtools-v84-4.0.0-alpha-7.jar;C:\Users\admin\.m2\repository\org\seleniumhq\selenium\selenium-devtools-v85\4.0.0-alpha-7\selenium-devtools-v85-4.0.0-alpha-7.jar;C:\Users\admin\.m2\repository\org\seleniumhq\selenium\selenium-devtools-v86\4.0.0-alpha-7\selenium-devtools-v86-4.0.0-alpha-7.jar;C:\Users\admin\.m2\repository\org\seleniumhq\selenium\selenium-devtools-v87\4.0.0-alpha-7\selenium-devtools-v87-4.0.0-alpha-7.jar;C:\Users\admin\.m2\repository\org\seleniumhq\selenium\selenium-edge-driver\4.0.0-alpha-7\selenium-edge-driver-4.0.0-alpha-7.jar;C:\Users\admin\.m2\repository\org\seleniumhq\selenium\selenium-edgehtml-driver\4.0.0-alpha-7\selenium-edgehtml-driver-4.0.0-alpha-7.jar;C:\Users\admin\.m2\repository\org\seleniumhq\selenium\selenium-firefox-driver\4.0.0-alpha-7\selenium-firefox-driver-4.0.0-alpha-7.jar;C:\Users\admin\.m2\repository\org\seleniumhq\selenium\selenium-firefox-xpi-driver\4.0.0-alpha-7\selenium-firefox-xpi-driver-4.0.0-alpha-7.jar;C:\Users\admin\.m2\repository\org\seleniumhq\selenium\selenium-ie-driver\4.0.0-alpha-7\selenium-ie-driver-4.0.0-alpha-7.jar;C:\Users\admin\.m2\repository\org\seleniumhq\selenium\selenium-opera-driver\4.0.0-alpha-7\selenium-opera-driver-4.0.0-alpha-7.jar;C:\Users\admin\.m2\repository\org\seleniumhq\selenium\selenium-remote-driver\4.0.0-alpha-7\selenium-remote-driver-4.0.0-alpha-7.jar;C:\Users\admin\.m2\repository\com\typesafe\netty\netty-reactive-streams\2.0.4\netty-reactive-streams-2.0.4.jar;C:\Users\admin\.m2\repository\io\netty\netty-handler\4.1.43.Final\netty-handler-4.1.43.Final.jar;C:\Users\admin\.m2\repository\org\reactivestreams\reactive-streams\1.0.3\reactive-streams-1.0.3.jar;C:\Users\admin\.m2\repository\io\grpc\grpc-context\1.32.1\grpc-context-1.32.1.jar;C:\Users\admin\.m2\repository\io\netty\netty-buffer\4.1.53.Final\netty-buffer-4.1.53.Final.jar;C:\Users\admin\.m2\repository\io\netty\netty-codec-http\4.1.53.Final\netty-codec-http-4.1.53.Final.jar;C:\Users\admin\.m2\repository\io\netty\netty-codec\4.1.53.Final\netty-codec-4.1.53.Final.jar;C:\Users\admin\.m2\repository\io\netty\netty-common\4.1.53.Final\netty-common-4.1.53.Final.jar;C:\Users\admin\.m2\repository\io\netty\netty-transport-native-epoll\4.1.53.Final\netty-transport-native-epoll-4.1.53.Final.jar;C:\Users\admin\.m2\repository\io\netty\netty-transport-native-epoll\4.1.53.Final\netty-transport-native-epoll-4.1.53.Final-linux-x86_64.jar;C:\Users\admin\.m2\repository\io\netty\netty-transport-native-kqueue\4.1.53.Final\netty-transport-native-kqueue-4.1.53.Final.jar;C:\Users\admin\.m2\repository\io\netty\netty-transport-native-kqueue\4.1.53.Final\netty-transport-native-kqueue-4.1.53.Final-osx-x86_64.jar;C:\Users\admin\.m2\repository\io\netty\netty-transport-native-unix-common\4.1.53.Final\netty-transport-native-unix-common-4.1.53.Final.jar;C:\Users\admin\.m2\repository\io\netty\netty-transport\4.1.53.Final\netty-transport-4.1.53.Final.jar;C:\Users\admin\.m2\repository\io\netty\netty-resolver\4.1.53.Final\netty-resolver-4.1.53.Final.jar;C:\Users\admin\.m2\repository\io\opentelemetry\opentelemetry-api\0.9.1\opentelemetry-api-0.9.1.jar;C:\Users\admin\.m2\repository\io\opentelemetry\opentelemetry-context-prop\0.9.1\opentelemetry-context-prop-0.9.1.jar;C:\Users\admin\.m2\repository\io\opentelemetry\opentelemetry-sdk\0.9.1\opentelemetry-sdk-0.9.1.jar;C:\Users\admin\.m2\repository\io\opentelemetry\opentelemetry-sdk-common\0.9.1\opentelemetry-sdk-common-0.9.1.jar;C:\Users\admin\.m2\repository\io\opentelemetry\opentelemetry-sdk-baggage\0.9.1\opentelemetry-sdk-baggage-0.9.1.jar;C:\Users\admin\.m2\repository\io\opentelemetry\opentelemetry-sdk-metrics\0.9.1\opentelemetry-sdk-metrics-0.9.1.jar;C:\Users\admin\.m2\repository\io\opentelemetry\opentelemetry-sdk-tracing\0.9.1\opentelemetry-sdk-tracing-0.9.1.jar;C:\Users\admin\.m2\repository\io\projectreactor\netty\reactor-netty-http\1.0.0\reactor-netty-http-1.0.0.jar;C:\Users\admin\.m2\repository\io\netty\netty-codec-http2\4.1.53.Final\netty-codec-http2-4.1.53.Final.jar;C:\Users\admin\.m2\repository\io\netty\netty-resolver-dns\4.1.53.Final\netty-resolver-dns-4.1.53.Final.jar;C:\Users\admin\.m2\repository\io\netty\netty-codec-dns\4.1.53.Final\netty-codec-dns-4.1.53.Final.jar;C:\Users\admin\.m2\repository\io\projectreactor\netty\reactor-netty-core\1.0.0\reactor-netty-core-1.0.0.jar;C:\Users\admin\.m2\repository\io\projectreactor\netty\reactor-netty\1.0.0\reactor-netty-1.0.0.jar;C:\Users\admin\.m2\repository\io\projectreactor\netty\reactor-netty-http-brave\1.0.0\reactor-netty-http-brave-1.0.0.jar;C:\Users\admin\.m2\repository\io\zipkin\brave\brave-instrumentation-http\5.12.7\brave-instrumentation-http-5.12.7.jar;C:\Users\admin\.m2\repository\io\zipkin\brave\brave\5.12.7\brave-5.12.7.jar;C:\Users\admin\.m2\repository\io\zipkin\reporter2\zipkin-reporter-brave\2.15.2\zipkin-reporter-brave-2.15.2.jar;C:\Users\admin\.m2\repository\io\zipkin\reporter2\zipkin-reporter\2.15.2\zipkin-reporter-2.15.2.jar;C:\Users\admin\.m2\repository\io\zipkin\zipkin2\zipkin\2.21.7\zipkin-2.21.7.jar;C:\Users\admin\.m2\repository\io\projectreactor\reactor-core\3.4.0\reactor-core-3.4.0.jar;C:\Users\admin\.m2\repository\net\bytebuddy\byte-buddy\1.10.18\byte-buddy-1.10.18.jar;C:\Users\admin\.m2\repository\org\apache\commons\commons-exec\1.3\commons-exec-1.3.jar;C:\Users\admin\.m2\repository\org\asynchttpclient\async-http-client\2.12.1\async-http-client-2.12.1.jar;C:\Users\admin\.m2\repository\org\asynchttpclient\async-http-client-netty-utils\2.12.1\async-http-client-netty-utils-2.12.1.jar;C:\Users\admin\.m2\repository\io\netty\netty-codec-socks\4.1.48.Final\netty-codec-socks-4.1.48.Final.jar;C:\Users\admin\.m2\repository\io\netty\netty-handler-proxy\4.1.48.Final\netty-handler-proxy-4.1.48.Final.jar;C:\Users\admin\.m2\repository\com\sun\activation\javax.activation\1.2.0\javax.activation-1.2.0.jar;C:\Users\admin\.m2\repository\org\seleniumhq\selenium\selenium-safari-driver\4.0.0-alpha-7\selenium-safari-driver-4.0.0-alpha-7.jar;C:\Users\admin\.m2\repository\org\seleniumhq\selenium\selenium-support\4.0.0-alpha-7\selenium-support-4.0.0-alpha-7.jar;C:\Users\admin\.m2\repository\org\testng\testng\6.14.3\testng-6.14.3.jar;C:\Users\admin\.m2\repository\com\beust\jcommander\1.72\jcommander-1.72.jar;C:\Users\admin\.m2\repository\org\apache-extras\beanshell\bsh\2.0b6\bsh-2.0b6.jar;C:\Users\admin\.m2\repository\io\github\bonigarcia\webdrivermanager\4.2.2\webdrivermanager-4.2.2.jar;C:\Users\admin\.m2\repository\org\slf4j\slf4j-api\1.7.30\slf4j-api-1.7.30.jar;C:\Users\admin\.m2\repository\commons-io\commons-io\2.8.0\commons-io-2.8.0.jar;C:\Users\admin\.m2\repository\com\google\code\gson\gson\2.8.6\gson-2.8.6.jar;C:\Users\admin\.m2\repository\org\apache\commons\commons-lang3\3.11\commons-lang3-3.11.jar;C:\Users\admin\.m2\repository\org\apache\httpcomponents\client5\httpclient5\5.0.1\httpclient5-5.0.1.jar;C:\Users\admin\.m2\repository\org\apache\httpcomponents\core5\httpcore5\5.0.1\httpcore5-5.0.1.jar;C:\Users\admin\.m2\repository\org\apache\httpcomponents\core5\httpcore5-h2\5.0.1\httpcore5-h2-5.0.1.jar;C:\Users\admin\.m2\repository\commons-codec\commons-codec\1.13\commons-codec-1.13.jar;C:\Users\admin\.m2\repository\org\rauschig\jarchivelib\1.1.0\jarchivelib-1.1.0.jar;C:\Users\admin\.m2\repository\org\apache\commons\commons-compress\1.20\commons-compress-1.20.jar;C:\Users\admin\.m2\repository\org\jsoup\jsoup\1.13.1\jsoup-1.13.1.jar;"/>
    <property name="java.vm.vendor" value="Oracle Corporation"/>
    <property name="sun.arch.data.model" value="32"/>
    <property name="user.variant" value=""/>
    <property name="java.vendor.url" value="http://java.oracle.com/"/>
    <property name="user.timezone" value="Asia/Calcutta"/>
    <property name="java.vm.specification.version" value="1.8"/>
    <property name="os.name" value="Windows 7"/>
    <property name="user.country" value="US"/>
    <property name="sun.java.launcher" value="SUN_STANDARD"/>
    <property name="sun.boot.library.path" value="C:\Program Files\Java\jdk1.8.0_241\jre\bin"/>
    <property name="sun.java.command" value="C:\Users\admin\AppData\Local\Temp\surefire7768553436245126853\surefirebooter5411798310157542374.jar C:\Users\admin\AppData\Local\Temp\surefire7768553436245126853 2021-01-04T02-27-20_101-jvmRun1 surefire75500196873073095tmp surefire_04538490195058708089tmp"/>
    <property name="surefire.test.class.path" value="C:\Users\admin\eclipse-workspace\mavenbackup\Advancedautomation\target\test-classes;C:\Users\admin\eclipse-workspace\mavenbackup\Advancedautomation\target\classes;C:\Users\admin\.m2\repository\org\seleniumhq\selenium\selenium-java\4.0.0-alpha-7\selenium-java-4.0.0-alpha-7.jar;C:\Users\admin\.m2\repository\org\seleniumhq\selenium\selenium-api\4.0.0-alpha-7\selenium-api-4.0.0-alpha-7.jar;C:\Users\admin\.m2\repository\org\seleniumhq\selenium\selenium-chrome-driver\4.0.0-alpha-7\selenium-chrome-driver-4.0.0-alpha-7.jar;C:\Users\admin\.m2\repository\com\google\auto\service\auto-service-annotations\1.0-rc7\auto-service-annotations-1.0-rc7.jar;C:\Users\admin\.m2\repository\com\google\auto\service\auto-service\1.0-rc7\auto-service-1.0-rc7.jar;C:\Users\admin\.m2\repository\com\google\auto\auto-common\0.10\auto-common-0.10.jar;C:\Users\admin\.m2\repository\com\google\guava\guava\30.0-jre\guava-30.0-jre.jar;C:\Users\admin\.m2\repository\com\google\guava\failureaccess\1.0.1\failureaccess-1.0.1.jar;C:\Users\admin\.m2\repository\com\google\guava\listenablefuture\9999.0-empty-to-avoid-conflict-with-guava\listenablefuture-9999.0-empty-to-avoid-conflict-with-guava.jar;C:\Users\admin\.m2\repository\com\google\code\findbugs\jsr305\3.0.2\jsr305-3.0.2.jar;C:\Users\admin\.m2\repository\org\checkerframework\checker-qual\3.5.0\checker-qual-3.5.0.jar;C:\Users\admin\.m2\repository\com\google\errorprone\error_prone_annotations\2.3.4\error_prone_annotations-2.3.4.jar;C:\Users\admin\.m2\repository\com\google\j2objc\j2objc-annotations\1.3\j2objc-annotations-1.3.jar;C:\Users\admin\.m2\repository\org\seleniumhq\selenium\selenium-chromium-driver\4.0.0-alpha-7\selenium-chromium-driver-4.0.0-alpha-7.jar;C:\Users\admin\.m2\repository\org\seleniumhq\selenium\selenium-devtools\4.0.0-alpha-7\selenium-devtools-4.0.0-alpha-7.jar;C:\Users\admin\.m2\repository\org\seleniumhq\selenium\selenium-http\4.0.0-alpha-7\selenium-http-4.0.0-alpha-7.jar;C:\Users\admin\.m2\repository\org\seleniumhq\selenium\selenium-json\4.0.0-alpha-7\selenium-json-4.0.0-alpha-7.jar;C:\Users\admin\.m2\repository\org\seleniumhq\selenium\selenium-devtools-v84\4.0.0-alpha-7\selenium-devtools-v84-4.0.0-alpha-7.jar;C:\Users\admin\.m2\repository\org\seleniumhq\selenium\selenium-devtools-v85\4.0.0-alpha-7\selenium-devtools-v85-4.0.0-alpha-7.jar;C:\Users\admin\.m2\repository\org\seleniumhq\selenium\selenium-devtools-v86\4.0.0-alpha-7\selenium-devtools-v86-4.0.0-alpha-7.jar;C:\Users\admin\.m2\repository\org\seleniumhq\selenium\selenium-devtools-v87\4.0.0-alpha-7\selenium-devtools-v87-4.0.0-alpha-7.jar;C:\Users\admin\.m2\repository\org\seleniumhq\selenium\selenium-edge-driver\4.0.0-alpha-7\selenium-edge-driver-4.0.0-alpha-7.jar;C:\Users\admin\.m2\repository\org\seleniumhq\selenium\selenium-edgehtml-driver\4.0.0-alpha-7\selenium-edgehtml-driver-4.0.0-alpha-7.jar;C:\Users\admin\.m2\repository\org\seleniumhq\selenium\selenium-firefox-driver\4.0.0-alpha-7\selenium-firefox-driver-4.0.0-alpha-7.jar;C:\Users\admin\.m2\repository\org\seleniumhq\selenium\selenium-firefox-xpi-driver\4.0.0-alpha-7\selenium-firefox-xpi-driver-4.0.0-alpha-7.jar;C:\Users\admin\.m2\repository\org\seleniumhq\selenium\selenium-ie-driver\4.0.0-alpha-7\selenium-ie-driver-4.0.0-alpha-7.jar;C:\Users\admin\.m2\repository\org\seleniumhq\selenium\selenium-opera-driver\4.0.0-alpha-7\selenium-opera-driver-4.0.0-alpha-7.jar;C:\Users\admin\.m2\repository\org\seleniumhq\selenium\selenium-remote-driver\4.0.0-alpha-7\selenium-remote-driver-4.0.0-alpha-7.jar;C:\Users\admin\.m2\repository\com\typesafe\netty\netty-reactive-streams\2.0.4\netty-reactive-streams-2.0.4.jar;C:\Users\admin\.m2\repository\io\netty\netty-handler\4.1.43.Final\netty-handler-4.1.43.Final.jar;C:\Users\admin\.m2\repository\org\reactivestreams\reactive-streams\1.0.3\reactive-streams-1.0.3.jar;C:\Users\admin\.m2\repository\io\grpc\grpc-context\1.32.1\grpc-context-1.32.1.jar;C:\Users\admin\.m2\repository\io\netty\netty-buffer\4.1.53.Final\netty-buffer-4.1.53.Final.jar;C:\Users\admin\.m2\repository\io\netty\netty-codec-http\4.1.53.Final\netty-codec-http-4.1.53.Final.jar;C:\Users\admin\.m2\repository\io\netty\netty-codec\4.1.53.Final\netty-codec-4.1.53.Final.jar;C:\Users\admin\.m2\repository\io\netty\netty-common\4.1.53.Final\netty-common-4.1.53.Final.jar;C:\Users\admin\.m2\repository\io\netty\netty-transport-native-epoll\4.1.53.Final\netty-transport-native-epoll-4.1.53.Final.jar;C:\Users\admin\.m2\repository\io\netty\netty-transport-native-epoll\4.1.53.Final\netty-transport-native-epoll-4.1.53.Final-linux-x86_64.jar;C:\Users\admin\.m2\repository\io\netty\netty-transport-native-kqueue\4.1.53.Final\netty-transport-native-kqueue-4.1.53.Final.jar;C:\Users\admin\.m2\repository\io\netty\netty-transport-native-kqueue\4.1.53.Final\netty-transport-native-kqueue-4.1.53.Final-osx-x86_64.jar;C:\Users\admin\.m2\repository\io\netty\netty-transport-native-unix-common\4.1.53.Final\netty-transport-native-unix-common-4.1.53.Final.jar;C:\Users\admin\.m2\repository\io\netty\netty-transport\4.1.53.Final\netty-transport-4.1.53.Final.jar;C:\Users\admin\.m2\repository\io\netty\netty-resolver\4.1.53.Final\netty-resolver-4.1.53.Final.jar;C:\Users\admin\.m2\repository\io\opentelemetry\opentelemetry-api\0.9.1\opentelemetry-api-0.9.1.jar;C:\Users\admin\.m2\repository\io\opentelemetry\opentelemetry-context-prop\0.9.1\opentelemetry-context-prop-0.9.1.jar;C:\Users\admin\.m2\repository\io\opentelemetry\opentelemetry-sdk\0.9.1\opentelemetry-sdk-0.9.1.jar;C:\Users\admin\.m2\repository\io\opentelemetry\opentelemetry-sdk-common\0.9.1\opentelemetry-sdk-common-0.9.1.jar;C:\Users\admin\.m2\repository\io\opentelemetry\opentelemetry-sdk-baggage\0.9.1\opentelemetry-sdk-baggage-0.9.1.jar;C:\Users\admin\.m2\repository\io\opentelemetry\opentelemetry-sdk-metrics\0.9.1\opentelemetry-sdk-metrics-0.9.1.jar;C:\Users\admin\.m2\repository\io\opentelemetry\opentelemetry-sdk-tracing\0.9.1\opentelemetry-sdk-tracing-0.9.1.jar;C:\Users\admin\.m2\repository\io\projectreactor\netty\reactor-netty-http\1.0.0\reactor-netty-http-1.0.0.jar;C:\Users\admin\.m2\repository\io\netty\netty-codec-http2\4.1.53.Final\netty-codec-http2-4.1.53.Final.jar;C:\Users\admin\.m2\repository\io\netty\netty-resolver-dns\4.1.53.Final\netty-resolver-dns-4.1.53.Final.jar;C:\Users\admin\.m2\repository\io\netty\netty-codec-dns\4.1.53.Final\netty-codec-dns-4.1.53.Final.jar;C:\Users\admin\.m2\repository\io\projectreactor\netty\reactor-netty-core\1.0.0\reactor-netty-core-1.0.0.jar;C:\Users\admin\.m2\repository\io\projectreactor\netty\reactor-netty\1.0.0\reactor-netty-1.0.0.jar;C:\Users\admin\.m2\repository\io\projectreactor\netty\reactor-netty-http-brave\1.0.0\reactor-netty-http-brave-1.0.0.jar;C:\Users\admin\.m2\repository\io\zipkin\brave\brave-instrumentation-http\5.12.7\brave-instrumentation-http-5.12.7.jar;C:\Users\admin\.m2\repository\io\zipkin\brave\brave\5.12.7\brave-5.12.7.jar;C:\Users\admin\.m2\repository\io\zipkin\reporter2\zipkin-reporter-brave\2.15.2\zipkin-reporter-brave-2.15.2.jar;C:\Users\admin\.m2\repository\io\zipkin\reporter2\zipkin-reporter\2.15.2\zipkin-reporter-2.15.2.jar;C:\Users\admin\.m2\repository\io\zipkin\zipkin2\zipkin\2.21.7\zipkin-2.21.7.jar;C:\Users\admin\.m2\repository\io\projectreactor\reactor-core\3.4.0\reactor-core-3.4.0.jar;C:\Users\admin\.m2\repository\net\bytebuddy\byte-buddy\1.10.18\byte-buddy-1.10.18.jar;C:\Users\admin\.m2\repository\org\apache\commons\commons-exec\1.3\commons-exec-1.3.jar;C:\Users\admin\.m2\repository\org\asynchttpclient\async-http-client\2.12.1\async-http-client-2.12.1.jar;C:\Users\admin\.m2\repository\org\asynchttpclient\async-http-client-netty-utils\2.12.1\async-http-client-netty-utils-2.12.1.jar;C:\Users\admin\.m2\repository\io\netty\netty-codec-socks\4.1.48.Final\netty-codec-socks-4.1.48.Final.jar;C:\Users\admin\.m2\repository\io\netty\netty-handler-proxy\4.1.48.Final\netty-handler-proxy-4.1.48.Final.jar;C:\Users\admin\.m2\repository\com\sun\activation\javax.activation\1.2.0\javax.activation-1.2.0.jar;C:\Users\admin\.m2\repository\org\seleniumhq\selenium\selenium-safari-driver\4.0.0-alpha-7\selenium-safari-driver-4.0.0-alpha-7.jar;C:\Users\admin\.m2\repository\org\seleniumhq\selenium\selenium-support\4.0.0-alpha-7\selenium-support-4.0.0-alpha-7.jar;C:\Users\admin\.m2\repository\org\testng\testng\6.14.3\testng-6.14.3.jar;C:\Users\admin\.m2\repository\com\beust\jcommander\1.72\jcommander-1.72.jar;C:\Users\admin\.m2\repository\org\apache-extras\beanshell\bsh\2.0b6\bsh-2.0b6.jar;C:\Users\admin\.m2\repository\io\github\bonigarcia\webdrivermanager\4.2.2\webdrivermanager-4.2.2.jar;C:\Users\admin\.m2\repository\org\slf4j\slf4j-api\1.7.30\slf4j-api-1.7.30.jar;C:\Users\admin\.m2\repository\commons-io\commons-io\2.8.0\commons-io-2.8.0.jar;C:\Users\admin\.m2\repository\com\google\code\gson\gson\2.8.6\gson-2.8.6.jar;C:\Users\admin\.m2\repository\org\apache\commons\commons-lang3\3.11\commons-lang3-3.11.jar;C:\Users\admin\.m2\repository\org\apache\httpcomponents\client5\httpclient5\5.0.1\httpclient5-5.0.1.jar;C:\Users\admin\.m2\repository\org\apache\httpcomponents\core5\httpcore5\5.0.1\httpcore5-5.0.1.jar;C:\Users\admin\.m2\repository\org\apache\httpcomponents\core5\httpcore5-h2\5.0.1\httpcore5-h2-5.0.1.jar;C:\Users\admin\.m2\repository\commons-codec\commons-codec\1.13\commons-codec-1.13.jar;C:\Users\admin\.m2\repository\org\rauschig\jarchivelib\1.1.0\jarchivelib-1.1.0.jar;C:\Users\admin\.m2\repository\org\apache\commons\commons-compress\1.20\commons-compress-1.20.jar;C:\Users\admin\.m2\repository\org\jsoup\jsoup\1.13.1\jsoup-1.13.1.jar;"/>
    <property name="sun.cpu.endian" value="little"/>
    <property name="user.home" value="C:\Users\admin"/>
    <property name="user.language" value="en"/>
    <property name="java.specification.vendor" value="Oracle Corporation"/>
    <property name="java.home" value="C:\Program Files\Java\jdk1.8.0_241\jre"/>
    <property name="basedir" value="C:\Users\admin\eclipse-workspace\mavenbackup\Advancedautomation"/>
    <property name="file.separator" value="\"/>
    <property name="line.separator" value="&#10;"/>
    <property name="java.vm.specification.vendor" value="Oracle Corporation"/>
    <property name="java.specification.name" value="Java Platform API Specification"/>
    <property name="java.awt.graphicsenv" value="sun.awt.Win32GraphicsEnvironment"/>
    <property name="surefire.real.class.path" value="C:\Users\admin\AppData\Local\Temp\surefire7768553436245126853\surefirebooter5411798310157542374.jar"/>
    <property name="sun.boot.class.path" value="C:\Program Files\Java\jdk1.8.0_241\jre\lib\resources.jar;C:\Program Files\Java\jdk1.8.0_241\jre\lib\rt.jar;C:\Program Files\Java\jdk1.8.0_241\jre\lib\sunrsasign.jar;C:\Program Files\Java\jdk1.8.0_241\jre\lib\jsse.jar;C:\Program Files\Java\jdk1.8.0_241\jre\lib\jce.jar;C:\Program Files\Java\jdk1.8.0_241\jre\lib\charsets.jar;C:\Program Files\Java\jdk1.8.0_241\jre\lib\jfr.jar;C:\Program Files\Java\jdk1.8.0_241\jre\classes"/>
    <property name="user.script" value=""/>
    <property name="sun.management.compiler" value="HotSpot Client Compiler"/>
    <property name="java.runtime.version" value="1.8.0_241-b07"/>
    <property name="user.name" value="admin"/>
    <property name="path.separator" value=";"/>
    <property name="os.version" value="6.1"/>
    <property name="java.endorsed.dirs" value="C:\Program Files\Java\jdk1.8.0_241\jre\lib\endorsed"/>
    <property name="java.runtime.name" value="Java(TM) SE Runtime Environment"/>
    <property name="file.encoding" value="Cp1252"/>
    <property name="java.vm.name" value="Java HotSpot(TM) Client VM"/>
    <property name="localRepository" value="C:\Users\admin\.m2\repository"/>
    <property name="java.vendor.url.bug" value="http://bugreport.sun.com/bugreport/"/>
    <property name="java.io.tmpdir" value="C:\Users\admin\AppData\Local\Temp\"/>
    <property name="java.version" value="1.8.0_241"/>
    <property name="user.dir" value="C:\Users\admin\eclipse-workspace\mavenbackup\Advancedautomation"/>
    <property name="os.arch" value="x86"/>
    <property name="java.vm.specification.name" value="Java Virtual Machine Specification"/>
    <property name="java.awt.printerjob" value="sun.awt.windows.WPrinterJob"/>
    <property name="sun.os.patch.level" value=""/>
    <property name="java.library.path" value="C:\Program Files\Java\jdk1.8.0_241\jre\bin;C:\Windows\Sun\Java\bin;C:\Windows\system32;C:\Windows;D:\Advance automation\mavensetup\apache-maven-3.6.3/bin;C:\Program Files\Java\jdk1.8.0_241/bin;C:\Program Files\Java\jdk1.8.0_241/bin;C:\Program Files\Java\jdk1.8.0_241\bin;D:\Advance automation\mavensetup\apache-maven-3.6.3\bin;D:\Advance automation\allure\allure-2.13.7\allure-2.13.7\bin;."/>
    <property name="java.vm.info" value="mixed mode"/>
    <property name="java.vendor" value="Oracle Corporation"/>
    <property name="java.vm.version" value="25.241-b07"/>
    <property name="java.ext.dirs" value="C:\Program Files\Java\jdk1.8.0_241\jre\lib\ext;C:\Windows\Sun\Java\lib\ext"/>
    <property name="sun.io.unicode.encoding" value="UnicodeLittle"/>
    <property name="java.class.version" value="52.0"/>
  </properties>
  <testcase name="orangehrm" classname="propertyfile.OrangeHRM_test" time="74.914">
    <failure message="element not interactable&#10;  (Session info: chrome=87.0.4280.88)&#10;Build info: version: &apos;4.0.0-alpha-7&apos;, revision: &apos;de8579b6d5&apos;&#10;System info: host: &apos;ADMIN-PC&apos;, ip: &apos;192.168.42.149&apos;, os.name: &apos;Windows 7&apos;, os.arch: &apos;x86&apos;, os.version: &apos;6.1&apos;, java.version: &apos;1.8.0_241&apos;&#10;Driver info: org.openqa.selenium.chrome.ChromeDriver&#10;Capabilities {acceptInsecureCerts: false, browserName: chrome, browserVersion: 87.0.4280.88, chrome: {chromedriverVersion: 86.0.4240.22 (398b0743353ff..., userDataDir: C:\Users\admin\AppData\Loca...}, goog:chromeOptions: {debuggerAddress: localhost:50119}, javascriptEnabled: true, networkConnectionEnabled: false, pageLoadStrategy: normal, platform: WINDOWS, platformName: WINDOWS, proxy: Proxy(), setWindowRect: true, strictFileInteractability: false, timeouts: {implicit: 0, pageLoad: 300000, script: 30000}, unhandledPromptBehavior: dismiss and notify, webauthn:virtualAuthenticators: true}&#10;Session ID: 40b772e97768b485558054371bd7f5fc" type="org.openqa.selenium.ElementNotInteractableException">org.openqa.selenium.ElementNotInteractableException: 
element not interactable
  (Session info: chrome=87.0.4280.88)
Build info: version: '4.0.0-alpha-7', revision: 'de8579b6d5'
System info: host: 'ADMIN-PC', ip: '192.168.42.149', os.name: 'Windows 7', os.arch: 'x86', os.version: '6.1', java.version: '1.8.0_241'
Driver info: org.openqa.selenium.chrome.ChromeDriver
Capabilities {acceptInsecureCerts: false, browserName: chrome, browserVersion: 87.0.4280.88, chrome: {chromedriverVersion: 86.0.4240.22 (398b0743353ff..., userDataDir: C:\Users\admin\AppData\Loca...}, goog:chromeOptions: {debuggerAddress: localhost:50119}, javascriptEnabled: true, networkConnectionEnabled: false, pageLoadStrategy: normal, platform: WINDOWS, platformName: WINDOWS, proxy: Proxy(), setWindowRect: true, strictFileInteractability: false, timeouts: {implicit: 0, pageLoad: 300000, script: 30000}, unhandledPromptBehavior: dismiss and notify, webauthn:virtualAuthenticators: true}
Session ID: 40b772e97768b485558054371bd7f5fc
	at propertyfile.OrangeHRM_test.orangehrm(OrangeHRM_test.java:38)
</failure>
    <system-out><![CDATA[[TestNGContentHandler] [WARN] It is strongly recommended to add "<!DOCTYPE suite SYSTEM "http://testng.org/testng-1.0.dtd" >" at the top of your file, otherwise TestNG may fail or not work as expected.
]]></system-out>
    <system-err><![CDATA[SLF4J: Failed to load class "org.slf4j.impl.StaticLoggerBinder".
SLF4J: Defaulting to no-operation (NOP) logger implementation
SLF4J: See http://www.slf4j.org/codes.html#StaticLoggerBinder for further details.
Starting ChromeDriver 86.0.4240.22 (398b0743353ff36fb1b82468f63a3a93b4e2e89e-refs/branch-heads/4240@{#378}) on port 44298
Only local connections are allowed.
Please see https://chromedriver.chromium.org/security-considerations for suggestions on keeping ChromeDriver safe.
ChromeDriver was started successfully.
[1609707489.002][WARNING]: This version of ChromeDriver has not been tested with Chrome version 87.
Jan 04, 2021 2:28:16 AM org.openqa.selenium.remote.ProtocolHandshake createSession
INFO: Detected dialect: W3C
Jan 04, 2021 2:28:17 AM org.openqa.selenium.devtools.CdpVersionFinder findNearestMatch
WARNING: Unable to find an exact match for CDP version 87, so returning the closest version found: 86
Jan 04, 2021 2:28:17 AM org.openqa.selenium.devtools.CdpVersionFinder findNearestMatch
INFO: Found CDP implementation for version 87 of 86
]]></system-err>
  </testcase>
</testsuite>