<?xml version="1.0" encoding="UTF-8"?>
<!-- Generated by org.testng.reporters.JUnitReportReporter -->
<testsuite skipped="0" hostname="admin-PC" name="propertyfile.OrangeHRM_test" tests="1" failures="0" timestamp="31 Dec 2020 13:27:33 GMT" time="65.013" errors="0">
  <testcase name="orangehrm" time="65.013" classname="propertyfile.OrangeHRM_test"/>
</testsuite> <!-- propertyfile.OrangeHRM_test -->
