<?xml version="1.0" encoding="UTF-8"?>
<!-- Generated by org.testng.reporters.JUnitReportReporter -->
<testsuite skipped="0" hostname="admin-PC" name="propertyfile.OrangeHRM_test" tests="1" failures="0" timestamp="04 Jan 2021 15:13:18 GMT" time="108.231" errors="0">
  <testcase name="orangehrm" time="108.231" classname="propertyfile.OrangeHRM_test"/>
</testsuite> <!-- propertyfile.OrangeHRM_test -->
