<?xml version="1.0" encoding="UTF-8"?>
<!-- Generated by org.testng.reporters.JUnitReportReporter -->
<testsuite skipped="0" hostname="admin-PC" name="propertyfile.OrangeHRM_test" tests="1" failures="0" timestamp="01 Jan 2021 16:23:22 GMT" time="64.955" errors="0">
  <testcase name="orangehrm" time="64.955" classname="propertyfile.OrangeHRM_test"/>
</testsuite> <!-- propertyfile.OrangeHRM_test -->
